-------------------------------------------------------------------------------
Test set: fr.cytech.ProjetJEE.ProjetJeeApplicationTests
-------------------------------------------------------------------------------
Tests run: 1, Failures: 0, Errors: 1, Skipped: 0, Time elapsed: 0.302 s <<< FAILURE! - in fr.cytech.ProjetJEE.ProjetJeeApplicationTests
fr.cytech.ProjetJEE.ProjetJeeApplicationTests  Time elapsed: 0.3 s  <<< ERROR!
java.lang.IllegalStateException: Unable to find a @SpringBootConfiguration, you need to use @ContextConfiguration or @SpringBootTest(classes=...) with your test

