<?xml version="1.0" encoding="UTF-8"?>
<testsuite xmlns:xsi="http://www.w3.org/2001/XMLSchema-instance" xsi:noNamespaceSchemaLocation="https://maven.apache.org/surefire/maven-surefire-plugin/xsd/surefire-test-report.xsd" name="fr.cytech.ProjetJEE.ProjetJeeApplicationTests" time="0.302" tests="1" errors="1" skipped="0" failures="0">
  <properties>
[...]
</properties>
  <testcase name="fr.cytech.ProjetJEE.ProjetJeeApplicationTests" classname="fr.cytech.ProjetJEE.ProjetJeeApplicationTests" time="0.3">
    <error message="Unable to find a @SpringBootConfiguration, you need to use @ContextConfiguration or @SpringBootTest(classes=...) with your test" type="java.lang.IllegalStateException">java.lang.IllegalStateException: Unable to find a @SpringBootConfiguration, you need to use @ContextConfiguration or @SpringBootTest(classes=...) with your test
</error>
    <system-out><![CDATA[02:41:34.352 [main] DEBUG org.springframework.test.context.BootstrapUtils - Instantiating CacheAwareContextLoaderDelegate from class [org.springframework.test.context.cache.DefaultCacheAwareContextLoaderDelegate]
02:41:34.365 [main] DEBUG org.springframework.test.context.BootstrapUtils - Instantiating BootstrapContext using constructor [public org.springframework.test.context.support.DefaultBootstrapContext(java.lang.Class,org.springframework.test.context.CacheAwareContextLoaderDelegate)]
02:41:34.412 [main] DEBUG org.springframework.test.context.BootstrapUtils - Instantiating TestContextBootstrapper for test class [fr.cytech.ProjetJEE.ProjetJeeApplicationTests] from class [org.springframework.boot.test.context.SpringBootTestContextBootstrapper]
02:41:34.430 [main] INFO org.springframework.boot.test.context.SpringBootTestContextBootstrapper - Neither @ContextConfiguration nor @ContextHierarchy found for test class [fr.cytech.ProjetJEE.ProjetJeeApplicationTests], using SpringBootContextLoader
02:41:34.436 [main] DEBUG org.springframework.test.context.support.AbstractContextLoader - Did not detect default resource location for test class [fr.cytech.ProjetJEE.ProjetJeeApplicationTests]: class path resource [fr/cytech/ProjetJEE/ProjetJeeApplicationTests-context.xml] does not exist
02:41:34.437 [main] DEBUG org.springframework.test.context.support.AbstractContextLoader - Did not detect default resource location for test class [fr.cytech.ProjetJEE.ProjetJeeApplicationTests]: class path resource [fr/cytech/ProjetJEE/ProjetJeeApplicationTestsContext.groovy] does not exist
02:41:34.437 [main] INFO org.springframework.test.context.support.AbstractContextLoader - Could not detect default resource locations for test class [fr.cytech.ProjetJEE.ProjetJeeApplicationTests]: no resource found for suffixes {-context.xml, Context.groovy}.
02:41:34.438 [main] INFO org.springframework.test.context.support.AnnotationConfigContextLoaderUtils - Could not detect default configuration classes for test class [fr.cytech.ProjetJEE.ProjetJeeApplicationTests]: ProjetJeeApplicationTests does not declare any static, non-private, non-final, nested classes annotated with @Configuration.
02:41:34.501 [main] DEBUG org.springframework.test.context.support.ActiveProfilesUtils - Could not find an 'annotation declaring class' for annotation type [org.springframework.test.context.ActiveProfiles] and class [fr.cytech.ProjetJEE.ProjetJeeApplicationTests]
]]></system-out>
  </testcase>
</testsuite>